#! /usr/local/Cellar/icarus-verilog/10.3/bin/vvp
:ivl_version "10.3 (stable)" "(v10_3)";
:ivl_delay_selection "TYPICAL";
:vpi_time_precision + 0;
:vpi_module "system";
:vpi_module "vhdl_sys";
:vpi_module "v2005_math";
:vpi_module "va_math";
S_0x7f93554039d0 .scope module, "dynamic_display" "dynamic_display" 2 2;
 .timescale 0 0;
    .port_info 0 /INPUT 1 "clk"
    .port_info 1 /INPUT 1 "nRst"
    .port_info 2 /INPUT 4 "curr_val0"
    .port_info 3 /INPUT 4 "curr_val1"
    .port_info 4 /INPUT 4 "curr_val2"
    .port_info 5 /INPUT 4 "curr_val3"
    .port_info 6 /OUTPUT 8 "seg_dat"
    .port_info 7 /OUTPUT 4 "seg_sel"
o0x10311c308 .functor BUFZ 1, C4<z>; HiZ drive
v0x7f9355414de0_0 .net "clk", 0 0, o0x10311c308;  0 drivers
v0x7f9355414e80_0 .var "clk10hz", 0 0;
v0x7f9355414f20_0 .var "control", 3 0;
v0x7f9355414fe0_0 .var "counter", 24 0;
o0x10311c038 .functor BUFZ 4, C4<zzzz>; HiZ drive
v0x7f9355415090_0 .net "curr_val0", 3 0, o0x10311c038;  0 drivers
o0x10311c0f8 .functor BUFZ 4, C4<zzzz>; HiZ drive
v0x7f9355415170_0 .net "curr_val1", 3 0, o0x10311c0f8;  0 drivers
o0x10311c1b8 .functor BUFZ 4, C4<zzzz>; HiZ drive
v0x7f9355415220_0 .net "curr_val2", 3 0, o0x10311c1b8;  0 drivers
o0x10311c278 .functor BUFZ 4, C4<zzzz>; HiZ drive
v0x7f93554152d0_0 .net "curr_val3", 3 0, o0x10311c278;  0 drivers
o0x10311c3c8 .functor BUFZ 1, C4<z>; HiZ drive
v0x7f9355415380_0 .net "nRst", 0 0, o0x10311c3c8;  0 drivers
v0x7f9355415490_0 .var "seg_dat", 7 0;
v0x7f9355415540_0 .net "seg_dat0", 7 0, v0x7f93554040c0_0;  1 drivers
v0x7f9355415600_0 .net "seg_dat1", 7 0, v0x7f9355414490_0;  1 drivers
v0x7f9355415690_0 .net "seg_dat2", 7 0, v0x7f9355414870_0;  1 drivers
v0x7f9355415720_0 .net "seg_dat3", 7 0, v0x7f9355414c40_0;  1 drivers
v0x7f93554157d0_0 .var "seg_sel", 3 0;
E_0x7f9355403e10 .event edge, v0x7f9355414f20_0;
E_0x7f9355403e40 .event posedge, v0x7f9355415380_0, v0x7f9355414e80_0;
E_0x7f9355403e70 .event posedge, v0x7f9355415380_0, v0x7f9355414de0_0;
S_0x7f9355403ea0 .scope module, "seg0" "bcd_to_7seg" 2 48, 3 1 0, S_0x7f93554039d0;
 .timescale 0 0;
    .port_info 0 /INPUT 4 "sin"
    .port_info 1 /OUTPUT 8 "seg"
v0x7f93554040c0_0 .var "seg", 7 0;
v0x7f9355414180_0 .net "sin", 3 0, o0x10311c038;  alias, 0 drivers
E_0x7f9355404080 .event edge, v0x7f9355414180_0;
S_0x7f9355414260 .scope module, "seg1" "bcd_to_7seg" 2 52, 3 1 0, S_0x7f93554039d0;
 .timescale 0 0;
    .port_info 0 /INPUT 4 "sin"
    .port_info 1 /OUTPUT 8 "seg"
v0x7f9355414490_0 .var "seg", 7 0;
v0x7f9355414550_0 .net "sin", 3 0, o0x10311c0f8;  alias, 0 drivers
E_0x7f9355414440 .event edge, v0x7f9355414550_0;
S_0x7f9355414630 .scope module, "seg2" "bcd_to_7seg" 2 56, 3 1 0, S_0x7f93554039d0;
 .timescale 0 0;
    .port_info 0 /INPUT 4 "sin"
    .port_info 1 /OUTPUT 8 "seg"
v0x7f9355414870_0 .var "seg", 7 0;
v0x7f9355414930_0 .net "sin", 3 0, o0x10311c1b8;  alias, 0 drivers
E_0x7f9355414830 .event edge, v0x7f9355414930_0;
S_0x7f9355414a10 .scope module, "seg3" "bcd_to_7seg" 2 60, 3 1 0, S_0x7f93554039d0;
 .timescale 0 0;
    .port_info 0 /INPUT 4 "sin"
    .port_info 1 /OUTPUT 8 "seg"
v0x7f9355414c40_0 .var "seg", 7 0;
v0x7f9355414d00_0 .net "sin", 3 0, o0x10311c278;  alias, 0 drivers
E_0x7f9355414bf0 .event edge, v0x7f9355414d00_0;
S_0x7f9355403bf0 .scope module, "switch_example" "switch_example" 4 4;
 .timescale 0 0;
    .port_info 0 /INPUT 1 "clk"
    .port_info 1 /INPUT 1 "nRst"
    .port_info 2 /INPUT 1 "inc"
    .port_info 3 /INPUT 1 "nxt"
    .port_info 4 /OUTPUT 8 "seg_dat"
    .port_info 5 /OUTPUT 4 "seg_sel"
L_0x7f93554189c0 .functor NOT 1, v0x7f9355415db0_0, C4<0>, C4<0>, C4<0>;
L_0x7f9355418a70 .functor AND 1, L_0x7f93554189c0, v0x7f9355417b60_0, C4<1>, C4<1>;
L_0x7f9355418b40 .functor NOT 1, v0x7f93554168c0_0, C4<0>, C4<0>, C4<0>;
L_0x7f9355418c10 .functor AND 1, L_0x7f9355418b40, v0x7f93554182a0_0, C4<1>, C4<1>;
v0x7f93554173f0_0 .net *"_s0", 0 0, L_0x7f93554189c0;  1 drivers
v0x7f93554174a0_0 .net *"_s4", 0 0, L_0x7f9355418b40;  1 drivers
o0x10311c6c8 .functor BUFZ 1, C4<z>; HiZ drive
v0x7f9355417550_0 .net "clk", 0 0, o0x10311c6c8;  0 drivers
v0x7f9355417640_0 .var "curr_val0", 3 0;
v0x7f93554176d0_0 .var "curr_val1", 3 0;
v0x7f93554177b0_0 .var "curr_val2", 3 0;
v0x7f9355417860_0 .var "curr_val3", 3 0;
o0x10311c698 .functor BUFZ 1, C4<z>; HiZ drive
v0x7f9355417910_0 .net "inc", 0 0, o0x10311c698;  0 drivers
v0x7f93554179a0_0 .net "inc_falling", 0 0, L_0x7f9355418a70;  1 drivers
v0x7f9355417ab0_0 .net "inc_reg", 0 0, v0x7f9355415db0_0;  1 drivers
v0x7f9355417b60_0 .var "inc_reg2", 0 0;
v0x7f9355417bf0_0 .var "modeControl", 2 0;
o0x10311c6f8 .functor BUFZ 1, C4<z>; HiZ drive
v0x7f9355417c80_0 .net "nRst", 0 0, o0x10311c6f8;  0 drivers
v0x7f9355417d50_0 .var "next_val0", 3 0;
v0x7f9355417de0_0 .var "next_val1", 3 0;
v0x7f9355417e90_0 .var "next_val2", 3 0;
v0x7f9355417f40_0 .var "next_val3", 3 0;
o0x10311c968 .functor BUFZ 1, C4<z>; HiZ drive
v0x7f93554180d0_0 .net "nxt", 0 0, o0x10311c968;  0 drivers
v0x7f9355418180_0 .net "nxt_falling", 0 0, L_0x7f9355418c10;  1 drivers
v0x7f9355418210_0 .net "nxt_reg", 0 0, v0x7f93554168c0_0;  1 drivers
v0x7f93554182a0_0 .var "nxt_reg2", 0 0;
v0x7f9355418330_0 .net "seg_dat", 7 0, v0x7f9355417250_0;  1 drivers
v0x7f93554183c0_0 .var "seg_sel", 3 0;
E_0x7f9355415930 .event edge, v0x7f9355418180_0, v0x7f9355417bf0_0;
E_0x7f9355415980/0 .event edge, v0x7f93554179a0_0, v0x7f9355417bf0_0, v0x7f9355417310_0, v0x7f9355417d50_0;
E_0x7f9355415980/1 .event edge, v0x7f93554176d0_0, v0x7f93554177b0_0, v0x7f9355417860_0;
E_0x7f9355415980 .event/or E_0x7f9355415980/0, E_0x7f9355415980/1;
S_0x7f93554159b0 .scope module, "db0" "debounce" 4 42, 5 1 0, S_0x7f9355403bf0;
 .timescale 0 0;
    .port_info 0 /INPUT 1 "clk"
    .port_info 1 /INPUT 1 "n_reset"
    .port_info 2 /INPUT 1 "button_in"
    .port_info 3 /OUTPUT 1 "DB_out"
P_0x7f9355415b70 .param/l "N" 0 5 7, +C4<00000000000000000000000000001011>;
L_0x7f93554184c0 .functor XOR 1, v0x7f9355415e60_0, v0x7f9355415f00_0, C4<0>, C4<0>;
L_0x7f9355418670 .functor NOT 1, L_0x7f9355418590, C4<0>, C4<0>, C4<0>;
v0x7f9355415db0_0 .var "DB_out", 0 0;
v0x7f9355415e60_0 .var "DFF1", 0 0;
v0x7f9355415f00_0 .var "DFF2", 0 0;
v0x7f9355415f90_0 .net *"_s3", 0 0, L_0x7f9355418590;  1 drivers
v0x7f9355416020_0 .net "button_in", 0 0, o0x10311c698;  alias, 0 drivers
v0x7f93554160c0_0 .net "clk", 0 0, o0x10311c6c8;  alias, 0 drivers
v0x7f9355416160_0 .net "n_reset", 0 0, o0x10311c6f8;  alias, 0 drivers
v0x7f9355416200_0 .net "q_add", 0 0, L_0x7f9355418670;  1 drivers
v0x7f93554162a0_0 .var "q_next", 10 0;
v0x7f93554163b0_0 .var "q_reg", 10 0;
v0x7f9355416460_0 .net "q_reset", 0 0, L_0x7f93554184c0;  1 drivers
E_0x7f9355415d10 .event posedge, v0x7f93554160c0_0;
E_0x7f9355415d60 .event edge, v0x7f9355416460_0, v0x7f9355416200_0, v0x7f93554163b0_0;
L_0x7f9355418590 .part v0x7f93554163b0_0, 10, 1;
S_0x7f9355416560 .scope module, "db1" "debounce" 4 48, 5 1 0, S_0x7f9355403bf0;
 .timescale 0 0;
    .port_info 0 /INPUT 1 "clk"
    .port_info 1 /INPUT 1 "n_reset"
    .port_info 2 /INPUT 1 "button_in"
    .port_info 3 /OUTPUT 1 "DB_out"
P_0x7f9355416710 .param/l "N" 0 5 7, +C4<00000000000000000000000000001011>;
L_0x7f9355418740 .functor XOR 1, v0x7f9355416960_0, v0x7f9355416a00_0, C4<0>, C4<0>;
L_0x7f93554188f0 .functor NOT 1, L_0x7f9355418810, C4<0>, C4<0>, C4<0>;
v0x7f93554168c0_0 .var "DB_out", 0 0;
v0x7f9355416960_0 .var "DFF1", 0 0;
v0x7f9355416a00_0 .var "DFF2", 0 0;
v0x7f9355416a90_0 .net *"_s3", 0 0, L_0x7f9355418810;  1 drivers
v0x7f9355416b20_0 .net "button_in", 0 0, o0x10311c968;  alias, 0 drivers
v0x7f9355416bc0_0 .net "clk", 0 0, o0x10311c6c8;  alias, 0 drivers
v0x7f9355416c50_0 .net "n_reset", 0 0, o0x10311c6f8;  alias, 0 drivers
v0x7f9355416d00_0 .net "q_add", 0 0, L_0x7f93554188f0;  1 drivers
v0x7f9355416d90_0 .var "q_next", 10 0;
v0x7f9355416eb0_0 .var "q_reg", 10 0;
v0x7f9355416f60_0 .net "q_reset", 0 0, L_0x7f9355418740;  1 drivers
E_0x7f9355416870 .event edge, v0x7f9355416f60_0, v0x7f9355416d00_0, v0x7f9355416eb0_0;
L_0x7f9355418810 .part v0x7f9355416eb0_0, 10, 1;
S_0x7f9355417060 .scope module, "seg0" "bcd_to_7seg" 4 28, 3 1 0, S_0x7f9355403bf0;
 .timescale 0 0;
    .port_info 0 /INPUT 4 "sin"
    .port_info 1 /OUTPUT 8 "seg"
v0x7f9355417250_0 .var "seg", 7 0;
v0x7f9355417310_0 .net "sin", 3 0, v0x7f9355417640_0;  1 drivers
E_0x7f9355417210 .event edge, v0x7f9355417310_0;
    .scope S_0x7f9355403ea0;
T_0 ;
    %wait E_0x7f9355404080;
    %load/vec4 v0x7f9355414180_0;
    %dup/vec4;
    %pushi/vec4 0, 0, 4;
    %cmp/u;
    %jmp/1 T_0.0, 6;
    %dup/vec4;
    %pushi/vec4 1, 0, 4;
    %cmp/u;
    %jmp/1 T_0.1, 6;
    %dup/vec4;
    %pushi/vec4 2, 0, 4;
    %cmp/u;
    %jmp/1 T_0.2, 6;
    %dup/vec4;
    %pushi/vec4 3, 0, 4;
    %cmp/u;
    %jmp/1 T_0.3, 6;
    %dup/vec4;
    %pushi/vec4 4, 0, 4;
    %cmp/u;
    %jmp/1 T_0.4, 6;
    %dup/vec4;
    %pushi/vec4 5, 0, 4;
    %cmp/u;
    %jmp/1 T_0.5, 6;
    %dup/vec4;
    %pushi/vec4 6, 0, 4;
    %cmp/u;
    %jmp/1 T_0.6, 6;
    %dup/vec4;
    %pushi/vec4 7, 0, 4;
    %cmp/u;
    %jmp/1 T_0.7, 6;
    %dup/vec4;
    %pushi/vec4 8, 0, 4;
    %cmp/u;
    %jmp/1 T_0.8, 6;
    %dup/vec4;
    %pushi/vec4 9, 0, 4;
    %cmp/u;
    %jmp/1 T_0.9, 6;
    %delay 1, 0;
    %pushi/vec4 0, 0, 8;
    %store/vec4 v0x7f93554040c0_0, 0, 8;
    %jmp T_0.11;
T_0.0 ;
    %delay 1, 0;
    %pushi/vec4 252, 0, 8;
    %store/vec4 v0x7f93554040c0_0, 0, 8;
    %jmp T_0.11;
T_0.1 ;
    %delay 1, 0;
    %pushi/vec4 96, 0, 8;
    %store/vec4 v0x7f93554040c0_0, 0, 8;
    %jmp T_0.11;
T_0.2 ;
    %delay 1, 0;
    %pushi/vec4 218, 0, 8;
    %store/vec4 v0x7f93554040c0_0, 0, 8;
    %jmp T_0.11;
T_0.3 ;
    %delay 1, 0;
    %pushi/vec4 242, 0, 8;
    %store/vec4 v0x7f93554040c0_0, 0, 8;
    %jmp T_0.11;
T_0.4 ;
    %delay 1, 0;
    %pushi/vec4 102, 0, 8;
    %store/vec4 v0x7f93554040c0_0, 0, 8;
    %jmp T_0.11;
T_0.5 ;
    %delay 1, 0;
    %pushi/vec4 182, 0, 8;
    %store/vec4 v0x7f93554040c0_0, 0, 8;
    %jmp T_0.11;
T_0.6 ;
    %delay 1, 0;
    %pushi/vec4 190, 0, 8;
    %store/vec4 v0x7f93554040c0_0, 0, 8;
    %jmp T_0.11;
T_0.7 ;
    %delay 1, 0;
    %pushi/vec4 224, 0, 8;
    %store/vec4 v0x7f93554040c0_0, 0, 8;
    %jmp T_0.11;
T_0.8 ;
    %delay 1, 0;
    %pushi/vec4 254, 0, 8;
    %store/vec4 v0x7f93554040c0_0, 0, 8;
    %jmp T_0.11;
T_0.9 ;
    %delay 1, 0;
    %pushi/vec4 246, 0, 8;
    %store/vec4 v0x7f93554040c0_0, 0, 8;
    %jmp T_0.11;
T_0.11 ;
    %pop/vec4 1;
    %jmp T_0;
    .thread T_0, $push;
    .scope S_0x7f9355414260;
T_1 ;
    %wait E_0x7f9355414440;
    %load/vec4 v0x7f9355414550_0;
    %dup/vec4;
    %pushi/vec4 0, 0, 4;
    %cmp/u;
    %jmp/1 T_1.0, 6;
    %dup/vec4;
    %pushi/vec4 1, 0, 4;
    %cmp/u;
    %jmp/1 T_1.1, 6;
    %dup/vec4;
    %pushi/vec4 2, 0, 4;
    %cmp/u;
    %jmp/1 T_1.2, 6;
    %dup/vec4;
    %pushi/vec4 3, 0, 4;
    %cmp/u;
    %jmp/1 T_1.3, 6;
    %dup/vec4;
    %pushi/vec4 4, 0, 4;
    %cmp/u;
    %jmp/1 T_1.4, 6;
    %dup/vec4;
    %pushi/vec4 5, 0, 4;
    %cmp/u;
    %jmp/1 T_1.5, 6;
    %dup/vec4;
    %pushi/vec4 6, 0, 4;
    %cmp/u;
    %jmp/1 T_1.6, 6;
    %dup/vec4;
    %pushi/vec4 7, 0, 4;
    %cmp/u;
    %jmp/1 T_1.7, 6;
    %dup/vec4;
    %pushi/vec4 8, 0, 4;
    %cmp/u;
    %jmp/1 T_1.8, 6;
    %dup/vec4;
    %pushi/vec4 9, 0, 4;
    %cmp/u;
    %jmp/1 T_1.9, 6;
    %delay 1, 0;
    %pushi/vec4 0, 0, 8;
    %store/vec4 v0x7f9355414490_0, 0, 8;
    %jmp T_1.11;
T_1.0 ;
    %delay 1, 0;
    %pushi/vec4 252, 0, 8;
    %store/vec4 v0x7f9355414490_0, 0, 8;
    %jmp T_1.11;
T_1.1 ;
    %delay 1, 0;
    %pushi/vec4 96, 0, 8;
    %store/vec4 v0x7f9355414490_0, 0, 8;
    %jmp T_1.11;
T_1.2 ;
    %delay 1, 0;
    %pushi/vec4 218, 0, 8;
    %store/vec4 v0x7f9355414490_0, 0, 8;
    %jmp T_1.11;
T_1.3 ;
    %delay 1, 0;
    %pushi/vec4 242, 0, 8;
    %store/vec4 v0x7f9355414490_0, 0, 8;
    %jmp T_1.11;
T_1.4 ;
    %delay 1, 0;
    %pushi/vec4 102, 0, 8;
    %store/vec4 v0x7f9355414490_0, 0, 8;
    %jmp T_1.11;
T_1.5 ;
    %delay 1, 0;
    %pushi/vec4 182, 0, 8;
    %store/vec4 v0x7f9355414490_0, 0, 8;
    %jmp T_1.11;
T_1.6 ;
    %delay 1, 0;
    %pushi/vec4 190, 0, 8;
    %store/vec4 v0x7f9355414490_0, 0, 8;
    %jmp T_1.11;
T_1.7 ;
    %delay 1, 0;
    %pushi/vec4 224, 0, 8;
    %store/vec4 v0x7f9355414490_0, 0, 8;
    %jmp T_1.11;
T_1.8 ;
    %delay 1, 0;
    %pushi/vec4 254, 0, 8;
    %store/vec4 v0x7f9355414490_0, 0, 8;
    %jmp T_1.11;
T_1.9 ;
    %delay 1, 0;
    %pushi/vec4 246, 0, 8;
    %store/vec4 v0x7f9355414490_0, 0, 8;
    %jmp T_1.11;
T_1.11 ;
    %pop/vec4 1;
    %jmp T_1;
    .thread T_1, $push;
    .scope S_0x7f9355414630;
T_2 ;
    %wait E_0x7f9355414830;
    %load/vec4 v0x7f9355414930_0;
    %dup/vec4;
    %pushi/vec4 0, 0, 4;
    %cmp/u;
    %jmp/1 T_2.0, 6;
    %dup/vec4;
    %pushi/vec4 1, 0, 4;
    %cmp/u;
    %jmp/1 T_2.1, 6;
    %dup/vec4;
    %pushi/vec4 2, 0, 4;
    %cmp/u;
    %jmp/1 T_2.2, 6;
    %dup/vec4;
    %pushi/vec4 3, 0, 4;
    %cmp/u;
    %jmp/1 T_2.3, 6;
    %dup/vec4;
    %pushi/vec4 4, 0, 4;
    %cmp/u;
    %jmp/1 T_2.4, 6;
    %dup/vec4;
    %pushi/vec4 5, 0, 4;
    %cmp/u;
    %jmp/1 T_2.5, 6;
    %dup/vec4;
    %pushi/vec4 6, 0, 4;
    %cmp/u;
    %jmp/1 T_2.6, 6;
    %dup/vec4;
    %pushi/vec4 7, 0, 4;
    %cmp/u;
    %jmp/1 T_2.7, 6;
    %dup/vec4;
    %pushi/vec4 8, 0, 4;
    %cmp/u;
    %jmp/1 T_2.8, 6;
    %dup/vec4;
    %pushi/vec4 9, 0, 4;
    %cmp/u;
    %jmp/1 T_2.9, 6;
    %delay 1, 0;
    %pushi/vec4 0, 0, 8;
    %store/vec4 v0x7f9355414870_0, 0, 8;
    %jmp T_2.11;
T_2.0 ;
    %delay 1, 0;
    %pushi/vec4 252, 0, 8;
    %store/vec4 v0x7f9355414870_0, 0, 8;
    %jmp T_2.11;
T_2.1 ;
    %delay 1, 0;
    %pushi/vec4 96, 0, 8;
    %store/vec4 v0x7f9355414870_0, 0, 8;
    %jmp T_2.11;
T_2.2 ;
    %delay 1, 0;
    %pushi/vec4 218, 0, 8;
    %store/vec4 v0x7f9355414870_0, 0, 8;
    %jmp T_2.11;
T_2.3 ;
    %delay 1, 0;
    %pushi/vec4 242, 0, 8;
    %store/vec4 v0x7f9355414870_0, 0, 8;
    %jmp T_2.11;
T_2.4 ;
    %delay 1, 0;
    %pushi/vec4 102, 0, 8;
    %store/vec4 v0x7f9355414870_0, 0, 8;
    %jmp T_2.11;
T_2.5 ;
    %delay 1, 0;
    %pushi/vec4 182, 0, 8;
    %store/vec4 v0x7f9355414870_0, 0, 8;
    %jmp T_2.11;
T_2.6 ;
    %delay 1, 0;
    %pushi/vec4 190, 0, 8;
    %store/vec4 v0x7f9355414870_0, 0, 8;
    %jmp T_2.11;
T_2.7 ;
    %delay 1, 0;
    %pushi/vec4 224, 0, 8;
    %store/vec4 v0x7f9355414870_0, 0, 8;
    %jmp T_2.11;
T_2.8 ;
    %delay 1, 0;
    %pushi/vec4 254, 0, 8;
    %store/vec4 v0x7f9355414870_0, 0, 8;
    %jmp T_2.11;
T_2.9 ;
    %delay 1, 0;
    %pushi/vec4 246, 0, 8;
    %store/vec4 v0x7f9355414870_0, 0, 8;
    %jmp T_2.11;
T_2.11 ;
    %pop/vec4 1;
    %jmp T_2;
    .thread T_2, $push;
    .scope S_0x7f9355414a10;
T_3 ;
    %wait E_0x7f9355414bf0;
    %load/vec4 v0x7f9355414d00_0;
    %dup/vec4;
    %pushi/vec4 0, 0, 4;
    %cmp/u;
    %jmp/1 T_3.0, 6;
    %dup/vec4;
    %pushi/vec4 1, 0, 4;
    %cmp/u;
    %jmp/1 T_3.1, 6;
    %dup/vec4;
    %pushi/vec4 2, 0, 4;
    %cmp/u;
    %jmp/1 T_3.2, 6;
    %dup/vec4;
    %pushi/vec4 3, 0, 4;
    %cmp/u;
    %jmp/1 T_3.3, 6;
    %dup/vec4;
    %pushi/vec4 4, 0, 4;
    %cmp/u;
    %jmp/1 T_3.4, 6;
    %dup/vec4;
    %pushi/vec4 5, 0, 4;
    %cmp/u;
    %jmp/1 T_3.5, 6;
    %dup/vec4;
    %pushi/vec4 6, 0, 4;
    %cmp/u;
    %jmp/1 T_3.6, 6;
    %dup/vec4;
    %pushi/vec4 7, 0, 4;
    %cmp/u;
    %jmp/1 T_3.7, 6;
    %dup/vec4;
    %pushi/vec4 8, 0, 4;
    %cmp/u;
    %jmp/1 T_3.8, 6;
    %dup/vec4;
    %pushi/vec4 9, 0, 4;
    %cmp/u;
    %jmp/1 T_3.9, 6;
    %delay 1, 0;
    %pushi/vec4 0, 0, 8;
    %store/vec4 v0x7f9355414c40_0, 0, 8;
    %jmp T_3.11;
T_3.0 ;
    %delay 1, 0;
    %pushi/vec4 252, 0, 8;
    %store/vec4 v0x7f9355414c40_0, 0, 8;
    %jmp T_3.11;
T_3.1 ;
    %delay 1, 0;
    %pushi/vec4 96, 0, 8;
    %store/vec4 v0x7f9355414c40_0, 0, 8;
    %jmp T_3.11;
T_3.2 ;
    %delay 1, 0;
    %pushi/vec4 218, 0, 8;
    %store/vec4 v0x7f9355414c40_0, 0, 8;
    %jmp T_3.11;
T_3.3 ;
    %delay 1, 0;
    %pushi/vec4 242, 0, 8;
    %store/vec4 v0x7f9355414c40_0, 0, 8;
    %jmp T_3.11;
T_3.4 ;
    %delay 1, 0;
    %pushi/vec4 102, 0, 8;
    %store/vec4 v0x7f9355414c40_0, 0, 8;
    %jmp T_3.11;
T_3.5 ;
    %delay 1, 0;
    %pushi/vec4 182, 0, 8;
    %store/vec4 v0x7f9355414c40_0, 0, 8;
    %jmp T_3.11;
T_3.6 ;
    %delay 1, 0;
    %pushi/vec4 190, 0, 8;
    %store/vec4 v0x7f9355414c40_0, 0, 8;
    %jmp T_3.11;
T_3.7 ;
    %delay 1, 0;
    %pushi/vec4 224, 0, 8;
    %store/vec4 v0x7f9355414c40_0, 0, 8;
    %jmp T_3.11;
T_3.8 ;
    %delay 1, 0;
    %pushi/vec4 254, 0, 8;
    %store/vec4 v0x7f9355414c40_0, 0, 8;
    %jmp T_3.11;
T_3.9 ;
    %delay 1, 0;
    %pushi/vec4 246, 0, 8;
    %store/vec4 v0x7f9355414c40_0, 0, 8;
    %jmp T_3.11;
T_3.11 ;
    %pop/vec4 1;
    %jmp T_3;
    .thread T_3, $push;
    .scope S_0x7f93554039d0;
T_4 ;
    %pushi/vec4 0, 0, 4;
    %store/vec4 v0x7f9355414f20_0, 0, 4;
    %pushi/vec4 0, 0, 1;
    %store/vec4 v0x7f9355414e80_0, 0, 1;
    %pushi/vec4 0, 0, 25;
    %store/vec4 v0x7f9355414fe0_0, 0, 25;
    %end;
    .thread T_4;
    .scope S_0x7f93554039d0;
T_5 ;
    %wait E_0x7f9355403e70;
    %load/vec4 v0x7f9355415380_0;
    %pad/u 32;
    %cmpi/e 0, 0, 32;
    %jmp/0xz  T_5.0, 4;
    %pushi/vec4 0, 0, 1;
    %assign/vec4 v0x7f9355414e80_0, 0;
    %pushi/vec4 0, 0, 25;
    %assign/vec4 v0x7f9355414fe0_0, 0;
    %jmp T_5.1;
T_5.0 ;
    %load/vec4 v0x7f9355414fe0_0;
    %addi 1, 0, 25;
    %assign/vec4 v0x7f9355414fe0_0, 0;
    %load/vec4 v0x7f9355414fe0_0;
    %pad/u 32;
    %cmpi/e 124999, 0, 32;
    %jmp/0xz  T_5.2, 4;
    %pushi/vec4 0, 0, 25;
    %assign/vec4 v0x7f9355414fe0_0, 0;
    %load/vec4 v0x7f9355414e80_0;
    %inv;
    %assign/vec4 v0x7f9355414e80_0, 0;
T_5.2 ;
T_5.1 ;
    %jmp T_5;
    .thread T_5;
    .scope S_0x7f93554039d0;
T_6 ;
    %wait E_0x7f9355403e40;
    %load/vec4 v0x7f9355415380_0;
    %pad/u 32;
    %cmpi/e 0, 0, 32;
    %jmp/0xz  T_6.0, 4;
    %pushi/vec4 15, 0, 4;
    %assign/vec4 v0x7f9355414f20_0, 0;
    %jmp T_6.1;
T_6.0 ;
    %load/vec4 v0x7f9355414f20_0;
    %pad/u 32;
    %cmpi/u 4, 0, 32;
    %jmp/0xz  T_6.2, 5;
    %load/vec4 v0x7f9355414f20_0;
    %addi 1, 0, 4;
    %assign/vec4 v0x7f9355414f20_0, 0;
    %jmp T_6.3;
T_6.2 ;
    %pushi/vec4 0, 0, 4;
    %assign/vec4 v0x7f9355414f20_0, 0;
T_6.3 ;
T_6.1 ;
    %jmp T_6;
    .thread T_6;
    .scope S_0x7f93554039d0;
T_7 ;
    %wait E_0x7f9355403e10;
    %load/vec4 v0x7f9355414f20_0;
    %dup/vec4;
    %pushi/vec4 0, 0, 4;
    %cmp/u;
    %jmp/1 T_7.0, 6;
    %dup/vec4;
    %pushi/vec4 1, 0, 4;
    %cmp/u;
    %jmp/1 T_7.1, 6;
    %dup/vec4;
    %pushi/vec4 2, 0, 4;
    %cmp/u;
    %jmp/1 T_7.2, 6;
    %dup/vec4;
    %pushi/vec4 3, 0, 4;
    %cmp/u;
    %jmp/1 T_7.3, 6;
    %pushi/vec4 128, 0, 8;
    %store/vec4 v0x7f9355415490_0, 0, 8;
    %pushi/vec4 15, 0, 4;
    %store/vec4 v0x7f93554157d0_0, 0, 4;
    %jmp T_7.5;
T_7.0 ;
    %load/vec4 v0x7f9355415540_0;
    %store/vec4 v0x7f9355415490_0, 0, 8;
    %pushi/vec4 8, 0, 4;
    %store/vec4 v0x7f93554157d0_0, 0, 4;
    %jmp T_7.5;
T_7.1 ;
    %load/vec4 v0x7f9355415600_0;
    %store/vec4 v0x7f9355415490_0, 0, 8;
    %pushi/vec4 4, 0, 4;
    %store/vec4 v0x7f93554157d0_0, 0, 4;
    %jmp T_7.5;
T_7.2 ;
    %load/vec4 v0x7f9355415690_0;
    %store/vec4 v0x7f9355415490_0, 0, 8;
    %pushi/vec4 2, 0, 4;
    %store/vec4 v0x7f93554157d0_0, 0, 4;
    %jmp T_7.5;
T_7.3 ;
    %load/vec4 v0x7f9355415720_0;
    %store/vec4 v0x7f9355415490_0, 0, 8;
    %pushi/vec4 1, 0, 4;
    %store/vec4 v0x7f93554157d0_0, 0, 4;
    %jmp T_7.5;
T_7.5 ;
    %pop/vec4 1;
    %jmp T_7;
    .thread T_7, $push;
    .scope S_0x7f9355417060;
T_8 ;
    %wait E_0x7f9355417210;
    %load/vec4 v0x7f9355417310_0;
    %dup/vec4;
    %pushi/vec4 0, 0, 4;
    %cmp/u;
    %jmp/1 T_8.0, 6;
    %dup/vec4;
    %pushi/vec4 1, 0, 4;
    %cmp/u;
    %jmp/1 T_8.1, 6;
    %dup/vec4;
    %pushi/vec4 2, 0, 4;
    %cmp/u;
    %jmp/1 T_8.2, 6;
    %dup/vec4;
    %pushi/vec4 3, 0, 4;
    %cmp/u;
    %jmp/1 T_8.3, 6;
    %dup/vec4;
    %pushi/vec4 4, 0, 4;
    %cmp/u;
    %jmp/1 T_8.4, 6;
    %dup/vec4;
    %pushi/vec4 5, 0, 4;
    %cmp/u;
    %jmp/1 T_8.5, 6;
    %dup/vec4;
    %pushi/vec4 6, 0, 4;
    %cmp/u;
    %jmp/1 T_8.6, 6;
    %dup/vec4;
    %pushi/vec4 7, 0, 4;
    %cmp/u;
    %jmp/1 T_8.7, 6;
    %dup/vec4;
    %pushi/vec4 8, 0, 4;
    %cmp/u;
    %jmp/1 T_8.8, 6;
    %dup/vec4;
    %pushi/vec4 9, 0, 4;
    %cmp/u;
    %jmp/1 T_8.9, 6;
    %delay 1, 0;
    %pushi/vec4 0, 0, 8;
    %store/vec4 v0x7f9355417250_0, 0, 8;
    %jmp T_8.11;
T_8.0 ;
    %delay 1, 0;
    %pushi/vec4 252, 0, 8;
    %store/vec4 v0x7f9355417250_0, 0, 8;
    %jmp T_8.11;
T_8.1 ;
    %delay 1, 0;
    %pushi/vec4 96, 0, 8;
    %store/vec4 v0x7f9355417250_0, 0, 8;
    %jmp T_8.11;
T_8.2 ;
    %delay 1, 0;
    %pushi/vec4 218, 0, 8;
    %store/vec4 v0x7f9355417250_0, 0, 8;
    %jmp T_8.11;
T_8.3 ;
    %delay 1, 0;
    %pushi/vec4 242, 0, 8;
    %store/vec4 v0x7f9355417250_0, 0, 8;
    %jmp T_8.11;
T_8.4 ;
    %delay 1, 0;
    %pushi/vec4 102, 0, 8;
    %store/vec4 v0x7f9355417250_0, 0, 8;
    %jmp T_8.11;
T_8.5 ;
    %delay 1, 0;
    %pushi/vec4 182, 0, 8;
    %store/vec4 v0x7f9355417250_0, 0, 8;
    %jmp T_8.11;
T_8.6 ;
    %delay 1, 0;
    %pushi/vec4 190, 0, 8;
    %store/vec4 v0x7f9355417250_0, 0, 8;
    %jmp T_8.11;
T_8.7 ;
    %delay 1, 0;
    %pushi/vec4 224, 0, 8;
    %store/vec4 v0x7f9355417250_0, 0, 8;
    %jmp T_8.11;
T_8.8 ;
    %delay 1, 0;
    %pushi/vec4 254, 0, 8;
    %store/vec4 v0x7f9355417250_0, 0, 8;
    %jmp T_8.11;
T_8.9 ;
    %delay 1, 0;
    %pushi/vec4 246, 0, 8;
    %store/vec4 v0x7f9355417250_0, 0, 8;
    %jmp T_8.11;
T_8.11 ;
    %pop/vec4 1;
    %jmp T_8;
    .thread T_8, $push;
    .scope S_0x7f93554159b0;
T_9 ;
    %wait E_0x7f9355415d60;
    %load/vec4 v0x7f9355416460_0;
    %load/vec4 v0x7f9355416200_0;
    %concat/vec4; draw_concat_vec4
    %dup/vec4;
    %pushi/vec4 0, 0, 2;
    %cmp/u;
    %jmp/1 T_9.0, 6;
    %dup/vec4;
    %pushi/vec4 1, 0, 2;
    %cmp/u;
    %jmp/1 T_9.1, 6;
    %pushi/vec4 0, 0, 11;
    %store/vec4 v0x7f93554162a0_0, 0, 11;
    %jmp T_9.3;
T_9.0 ;
    %load/vec4 v0x7f93554163b0_0;
    %store/vec4 v0x7f93554162a0_0, 0, 11;
    %jmp T_9.3;
T_9.1 ;
    %load/vec4 v0x7f93554163b0_0;
    %addi 1, 0, 11;
    %store/vec4 v0x7f93554162a0_0, 0, 11;
    %jmp T_9.3;
T_9.3 ;
    %pop/vec4 1;
    %jmp T_9;
    .thread T_9, $push;
    .scope S_0x7f93554159b0;
T_10 ;
    %wait E_0x7f9355415d10;
    %load/vec4 v0x7f9355416160_0;
    %cmpi/e 0, 0, 1;
    %jmp/0xz  T_10.0, 4;
    %pushi/vec4 0, 0, 1;
    %assign/vec4 v0x7f9355415e60_0, 0;
    %pushi/vec4 0, 0, 1;
    %assign/vec4 v0x7f9355415f00_0, 0;
    %pushi/vec4 0, 0, 11;
    %assign/vec4 v0x7f93554163b0_0, 0;
    %jmp T_10.1;
T_10.0 ;
    %load/vec4 v0x7f9355416020_0;
    %assign/vec4 v0x7f9355415e60_0, 0;
    %load/vec4 v0x7f9355415e60_0;
    %assign/vec4 v0x7f9355415f00_0, 0;
    %load/vec4 v0x7f93554162a0_0;
    %assign/vec4 v0x7f93554163b0_0, 0;
T_10.1 ;
    %jmp T_10;
    .thread T_10;
    .scope S_0x7f93554159b0;
T_11 ;
    %wait E_0x7f9355415d10;
    %load/vec4 v0x7f93554163b0_0;
    %parti/s 1, 10, 5;
    %cmpi/e 1, 0, 1;
    %jmp/0xz  T_11.0, 4;
    %load/vec4 v0x7f9355415f00_0;
    %assign/vec4 v0x7f9355415db0_0, 0;
    %jmp T_11.1;
T_11.0 ;
    %load/vec4 v0x7f9355415db0_0;
    %assign/vec4 v0x7f9355415db0_0, 0;
T_11.1 ;
    %jmp T_11;
    .thread T_11;
    .scope S_0x7f9355416560;
T_12 ;
    %wait E_0x7f9355416870;
    %load/vec4 v0x7f9355416f60_0;
    %load/vec4 v0x7f9355416d00_0;
    %concat/vec4; draw_concat_vec4
    %dup/vec4;
    %pushi/vec4 0, 0, 2;
    %cmp/u;
    %jmp/1 T_12.0, 6;
    %dup/vec4;
    %pushi/vec4 1, 0, 2;
    %cmp/u;
    %jmp/1 T_12.1, 6;
    %pushi/vec4 0, 0, 11;
    %store/vec4 v0x7f9355416d90_0, 0, 11;
    %jmp T_12.3;
T_12.0 ;
    %load/vec4 v0x7f9355416eb0_0;
    %store/vec4 v0x7f9355416d90_0, 0, 11;
    %jmp T_12.3;
T_12.1 ;
    %load/vec4 v0x7f9355416eb0_0;
    %addi 1, 0, 11;
    %store/vec4 v0x7f9355416d90_0, 0, 11;
    %jmp T_12.3;
T_12.3 ;
    %pop/vec4 1;
    %jmp T_12;
    .thread T_12, $push;
    .scope S_0x7f9355416560;
T_13 ;
    %wait E_0x7f9355415d10;
    %load/vec4 v0x7f9355416c50_0;
    %cmpi/e 0, 0, 1;
    %jmp/0xz  T_13.0, 4;
    %pushi/vec4 0, 0, 1;
    %assign/vec4 v0x7f9355416960_0, 0;
    %pushi/vec4 0, 0, 1;
    %assign/vec4 v0x7f9355416a00_0, 0;
    %pushi/vec4 0, 0, 11;
    %assign/vec4 v0x7f9355416eb0_0, 0;
    %jmp T_13.1;
T_13.0 ;
    %load/vec4 v0x7f9355416b20_0;
    %assign/vec4 v0x7f9355416960_0, 0;
    %load/vec4 v0x7f9355416960_0;
    %assign/vec4 v0x7f9355416a00_0, 0;
    %load/vec4 v0x7f9355416d90_0;
    %assign/vec4 v0x7f9355416eb0_0, 0;
T_13.1 ;
    %jmp T_13;
    .thread T_13;
    .scope S_0x7f9355416560;
T_14 ;
    %wait E_0x7f9355415d10;
    %load/vec4 v0x7f9355416eb0_0;
    %parti/s 1, 10, 5;
    %cmpi/e 1, 0, 1;
    %jmp/0xz  T_14.0, 4;
    %load/vec4 v0x7f9355416a00_0;
    %assign/vec4 v0x7f93554168c0_0, 0;
    %jmp T_14.1;
T_14.0 ;
    %load/vec4 v0x7f93554168c0_0;
    %assign/vec4 v0x7f93554168c0_0, 0;
T_14.1 ;
    %jmp T_14;
    .thread T_14;
    .scope S_0x7f9355403bf0;
T_15 ;
    %pushi/vec4 0, 0, 4;
    %store/vec4 v0x7f93554183c0_0, 0, 4;
    %pushi/vec4 0, 0, 3;
    %store/vec4 v0x7f9355417bf0_0, 0, 3;
    %end;
    .thread T_15;
    .scope S_0x7f9355403bf0;
T_16 ;
    %wait E_0x7f9355415d10;
    %load/vec4 v0x7f9355417c80_0;
    %inv;
    %flag_set/vec4 8;
    %jmp/0xz  T_16.0, 8;
    %pushi/vec4 0, 0, 4;
    %assign/vec4 v0x7f9355417640_0, 1;
    %pushi/vec4 0, 0, 4;
    %assign/vec4 v0x7f93554176d0_0, 1;
    %pushi/vec4 0, 0, 4;
    %assign/vec4 v0x7f93554177b0_0, 1;
    %pushi/vec4 0, 0, 4;
    %assign/vec4 v0x7f9355417860_0, 1;
    %pushi/vec4 0, 0, 1;
    %assign/vec4 v0x7f9355417b60_0, 1;
    %pushi/vec4 0, 0, 1;
    %assign/vec4 v0x7f93554182a0_0, 1;
    %jmp T_16.1;
T_16.0 ;
    %load/vec4 v0x7f9355417d50_0;
    %assign/vec4 v0x7f9355417640_0, 1;
    %load/vec4 v0x7f9355417de0_0;
    %assign/vec4 v0x7f93554176d0_0, 1;
    %load/vec4 v0x7f9355417e90_0;
    %assign/vec4 v0x7f93554177b0_0, 1;
    %load/vec4 v0x7f9355417f40_0;
    %assign/vec4 v0x7f9355417860_0, 1;
    %load/vec4 v0x7f9355417ab0_0;
    %assign/vec4 v0x7f9355417b60_0, 1;
    %load/vec4 v0x7f9355418210_0;
    %assign/vec4 v0x7f93554182a0_0, 1;
T_16.1 ;
    %jmp T_16;
    .thread T_16;
    .scope S_0x7f9355403bf0;
T_17 ;
    %wait E_0x7f9355415980;
    %load/vec4 v0x7f93554179a0_0;
    %flag_set/vec4 8;
    %jmp/0xz  T_17.0, 8;
    %load/vec4 v0x7f9355417bf0_0;
    %cmpi/e 0, 0, 3;
    %jmp/0xz  T_17.2, 4;
    %load/vec4 v0x7f9355417640_0;
    %addi 1, 0, 4;
    %store/vec4 v0x7f9355417d50_0, 0, 4;
    %pushi/vec4 10, 0, 4;
    %load/vec4 v0x7f9355417d50_0;
    %cmp/u;
    %flag_or 5, 4;
    %jmp/0xz  T_17.4, 5;
    %pushi/vec4 0, 0, 4;
    %store/vec4 v0x7f9355417d50_0, 0, 4;
T_17.4 ;
    %jmp T_17.3;
T_17.2 ;
    %load/vec4 v0x7f9355417bf0_0;
    %cmpi/e 1, 0, 3;
    %jmp/0xz  T_17.6, 4;
    %load/vec4 v0x7f9355417640_0;
    %subi 1, 0, 4;
    %store/vec4 v0x7f9355417d50_0, 0, 4;
    %load/vec4 v0x7f9355417d50_0;
    %cmpi/u 1, 0, 4;
    %jmp/0xz  T_17.8, 5;
    %pushi/vec4 9, 0, 4;
    %store/vec4 v0x7f9355417d50_0, 0, 4;
T_17.8 ;
    %jmp T_17.7;
T_17.6 ;
    %load/vec4 v0x7f9355417bf0_0;
    %cmpi/e 2, 0, 3;
    %jmp/0xz  T_17.10, 4;
    %load/vec4 v0x7f9355417640_0;
    %addi 2, 0, 4;
    %store/vec4 v0x7f9355417d50_0, 0, 4;
    %pushi/vec4 10, 0, 4;
    %load/vec4 v0x7f9355417d50_0;
    %cmp/u;
    %flag_or 5, 4;
    %jmp/0xz  T_17.12, 5;
    %pushi/vec4 0, 0, 4;
    %store/vec4 v0x7f9355417d50_0, 0, 4;
T_17.12 ;
    %jmp T_17.11;
T_17.10 ;
    %load/vec4 v0x7f9355417bf0_0;
    %cmpi/e 3, 0, 3;
    %jmp/0xz  T_17.14, 4;
    %load/vec4 v0x7f9355417640_0;
    %subi 2, 0, 4;
    %store/vec4 v0x7f9355417d50_0, 0, 4;
    %load/vec4 v0x7f9355417d50_0;
    %cmpi/u 1, 0, 4;
    %jmp/0xz  T_17.16, 5;
    %pushi/vec4 9, 0, 4;
    %store/vec4 v0x7f9355417d50_0, 0, 4;
T_17.16 ;
T_17.14 ;
T_17.11 ;
T_17.7 ;
T_17.3 ;
    %jmp T_17.1;
T_17.0 ;
    %load/vec4 v0x7f9355417640_0;
    %store/vec4 v0x7f9355417d50_0, 0, 4;
    %load/vec4 v0x7f93554176d0_0;
    %store/vec4 v0x7f9355417de0_0, 0, 4;
    %load/vec4 v0x7f93554177b0_0;
    %store/vec4 v0x7f9355417e90_0, 0, 4;
    %load/vec4 v0x7f9355417860_0;
    %store/vec4 v0x7f9355417f40_0, 0, 4;
T_17.1 ;
    %jmp T_17;
    .thread T_17, $push;
    .scope S_0x7f9355403bf0;
T_18 ;
    %wait E_0x7f9355415930;
    %load/vec4 v0x7f9355418180_0;
    %flag_set/vec4 8;
    %jmp/0xz  T_18.0, 8;
    %load/vec4 v0x7f9355417bf0_0;
    %addi 1, 0, 3;
    %store/vec4 v0x7f9355417bf0_0, 0, 3;
    %pushi/vec4 4, 0, 3;
    %load/vec4 v0x7f9355417bf0_0;
    %cmp/u;
    %flag_or 5, 4;
    %jmp/0xz  T_18.2, 5;
    %pushi/vec4 0, 0, 3;
    %store/vec4 v0x7f9355417bf0_0, 0, 3;
T_18.2 ;
T_18.0 ;
    %jmp T_18;
    .thread T_18, $push;
# The file index is used to find the file name in the following table.
:file_names 6;
    "N/A";
    "<interactive>";
    "./newDD.v";
    "./seg.v";
    "new2.v";
    "./debounce.v";
